Removed Pin From Net: NetName=NetC1_1 Pin=C1-1
Removed Pin From Net: NetName=NetC1_2 Pin=C1-2
Removed Pin From Net: NetName=NetC4_1 Pin=C4-1
Removed Pin From Net: NetName=NetC6_2 Pin=RP1-1
Removed Pin From Net: NetName=NetC6_2 Pin=RP2-2
Removed Pin From Net: NetName=NetC6_1 Pin=Speaker-1
Added Pin To Net: NetName=NetC1_2 Pin=C1-1
Added Pin To Net: NetName=NetC1_1 Pin=C1-2
Added Pin To Net: NetName=NetC4_1 Pin=C4-2
Added Pin To Net: NetName=NetC6_1 Pin=RP1-1
Added Pin To Net: NetName=NetC6_1 Pin=RP2-2
Added Pin To Net: NetName=NetC6_2 Pin=Speaker-1
Change Net Name : Old Net Name=NetC1_1 New Net Name=NetC1_2
Change Net Name : Old Net Name=NetC1_2 New Net Name=NetC1_1
Change Net Name : Old Net Name=NetC4_1 New Net Name=NetC4_2
Added Pin To Net: NetName=NetC4_1 Pin=C4-1
Added Pin To Net: NetName=NetC4_1 Pin=C5-2
Added Pin To Net: NetName=NetC4_1 Pin=Q3-3
Added Pin To Net: NetName=NetC4_1 Pin=R7-2
Added Net: Name=NetC4_1
Added Pin To Net: NetName=NetC5_1 Pin=C5-1
Added Pin To Net: NetName=NetC5_1 Pin=D2-2
Added Pin To Net: NetName=NetC5_1 Pin=R9a-2
Added Net: Name=NetC5_1
