Removed Pin From Net: NetName=NetC1_2 Pin=Q1-1
Removed Pin From Net: NetName=NetC2_1 Pin=Q1-2
Removed Pin From Net: NetName=NetC2_2 Pin=Q2-1
Removed Pin From Net: NetName=+12 Pin=Q2-2
Change Component Footprint: Designator=Q1 Old Footprint=TRAN-LOWPOWER New Footprint=QTO-92
Change Component Footprint: Designator=Q2 Old Footprint=TRAN-LOWPOWER New Footprint=QTO-92
Change component parameters: Designator = "Q1" ("Q1"); Footprint = "TRAN-LOWPOWER"; UniqueID = "\ZBUVKDYN" ("\ZBUVKDYN")
Change component parameters (AddParameter): Name = "Value"; Value = "C9014"; VariantName = "[No Variations]"
Change component parameters: Designator = "Q2" ("Q2"); Footprint = "TRAN-LOWPOWER"; UniqueID = "\VDCLOYSS" ("\VDCLOYSS")
Change component parameters (AddParameter): Name = "Value"; Value = "C9014"; VariantName = "[No Variations]"
Added Pin To Net: NetName=NetC1_2 Pin=Q1-2
Added Pin To Net: NetName=NetC2_1 Pin=Q1-3
Added Pin To Net: NetName=NetC2_2 Pin=Q2-2
Added Pin To Net: NetName=+12 Pin=Q2-3
Added Pin To Net: NetName=NetQ1_1 Pin=Q1-1
Added Pin To Net: NetName=NetQ1_1 Pin=R4-2
Added Net: Name=NetQ1_1
Added Pin To Net: NetName=NetQ2_1 Pin=Q2-1
Added Pin To Net: NetName=NetQ2_1 Pin=Q3-1
Added Net: Name=NetQ2_1
